<?xml version="1.0" encoding="UTF-8"?>
<!-- Generated by org.testng.reporters.JUnitXMLReporter -->
<testsuite ignored="4" hostname="DESKTOP-LBD5C48" failures="0" tests="2" name="Test" time="41.947" errors="0" timestamp="2022-06-18T17:56:03 IST">
  <testcase classname="testCase.LoginPageTest" name="login" time="0.692"/>
  <testcase classname="testCase.HomePageTest" name="purchasemobile" time="41.191"/>
  <testcase classname="testCase.TestBase" name="@AfterSuite tearDown" time="0.0">
    <ignored/>
  </testcase> <!-- @AfterSuite tearDown -->
  <testcase classname="testCase.TestBase" name="@AfterSuite tearDown" time="0.0">
    <ignored/>
  </testcase> <!-- @AfterSuite tearDown -->
  <testcase classname="testCase.TestBase" name="@BeforeSuite base" time="0.0">
    <ignored/>
  </testcase> <!-- @BeforeSuite base -->
  <testcase classname="testCase.TestBase" name="@BeforeSuite base" time="0.0">
    <ignored/>
  </testcase> <!-- @BeforeSuite base -->
</testsuite> <!-- Test -->
