<?xml version="1.0" encoding="UTF-8"?>
<testng-results ignored="4" total="6" passed="2" failed="0" skipped="0">
  <reporter-output>
  </reporter-output>
  <suite started-at="2022-06-18T17:55:21 IST" name="Suite" finished-at="2022-06-18T17:56:03 IST" duration-ms="41947">
    <groups>
    </groups>
    <test started-at="2022-06-18T17:55:21 IST" name="Test" finished-at="2022-06-18T17:56:03 IST" duration-ms="41947">
      <class name="testCase.HomePageTest">
        <test-method signature="purchasemobile()[pri:0, instance:testCase.HomePageTest@27f981c6]" started-at="2022-06-18T17:55:22 IST" name="purchasemobile" finished-at="2022-06-18T17:56:03 IST" duration-ms="41191" status="PASS">
          <reporter-output>
          </reporter-output>
        </test-method> <!-- purchasemobile -->
      </class> <!-- testCase.HomePageTest -->
      <class name="testCase.LoginPageTest">
        <test-method is-config="true" signature="base()[pri:0, instance:testCase.LoginPageTest@51e69659]" started-at="2022-06-18T17:55:15 IST" name="base" finished-at="2022-06-18T17:55:21 IST" duration-ms="6568" status="PASS">
          <reporter-output>
          </reporter-output>
        </test-method> <!-- base -->
        <test-method signature="login()[pri:1, instance:testCase.LoginPageTest@51e69659]" started-at="2022-06-18T17:55:21 IST" name="login" finished-at="2022-06-18T17:55:22 IST" duration-ms="692" status="PASS">
          <reporter-output>
          </reporter-output>
        </test-method> <!-- login -->
        <test-method is-config="true" signature="tearDown()[pri:0, instance:testCase.LoginPageTest@51e69659]" started-at="2022-06-18T17:56:03 IST" name="tearDown" finished-at="2022-06-18T17:56:04 IST" duration-ms="503" status="PASS">
          <reporter-output>
          </reporter-output>
        </test-method> <!-- tearDown -->
      </class> <!-- testCase.LoginPageTest -->
    </test> <!-- Test -->
  </suite> <!-- Suite -->
</testng-results>
